#
# There is insufficient memory for the Java Runtime Environment to continue.
# Native memory allocation (malloc) failed to allocate 480104 bytes for AllocateHeap
# Possible reasons:
#   The system is out of physical RAM or swap space
#   In 32 bit mode, the process size limit was hit
# Possible solutions:
#   Reduce memory load on the system
#   Increase physical memory or swap space
#   Check if swap backing store is full
#   Use 64 bit Java on a 64 bit OS
#   Decrease Java heap size (-Xmx/-Xms)
#   Decrease number of Java threads
#   Decrease Java thread stack sizes (-Xss)
#   Set larger code cache with -XX:ReservedCodeCacheSize=
# This output file may be truncated or incomplete.
#
#  Out of Memory Error (memory/allocation.inline.hpp:61), pid=66400, tid=0x000000000000caac
#
# JRE version:  (8.0_181-b13) (build )
# Java VM: Java HotSpot(TM) 64-Bit Server VM (25.181-b13 mixed mode windows-amd64 compressed oops)
# Failed to write core dump. Minidumps are not enabled by default on client versions of Windows
#

---------------  T H R E A D  ---------------

Current thread (0x0000000002882800):  JavaThread "Unknown thread" [_thread_in_vm, id=51884, stack(0x0000000002780000,0x0000000002880000)]

Stack: [0x0000000002780000,0x0000000002880000]
[error occurred during error reporting (printing stack bounds), id 0xc0000005]

Native frames: (J=compiled Java code, j=interpreted, Vv=VM code, C=native code)


---------------  P R O C E S S  ---------------

Java Threads: ( => current thread )

Other Threads:

=>0x0000000002882800 (exited) JavaThread "Unknown thread" [_thread_in_vm, id=51884, stack(0x0000000002780000,0x0000000002880000)]

VM state:not at safepoint (not fully initialized)

VM Mutex/Monitor currently owned by a thread: None

GC Heap History (0 events):
No events

Deoptimization events (0 events):
No events

Classes redefined (0 events):
No events

Internal exceptions (0 events):
No events

Events (0 events):
No events


Dynamic libraries:
0x00007ff6203f0000 - 0x00007ff620427000 	C:\Program Files\Java\jdk1.8.0_181\jre\bin\java.exe
0x00007fff77690000 - 0x00007fff7787d000 	C:\WINDOWS\SYSTEM32\ntdll.dll
0x00007fff772c0000 - 0x00007fff77373000 	C:\WINDOWS\System32\KERNEL32.DLL
0x00007fff74610000 - 0x00007fff748a3000 	C:\WINDOWS\System32\KERNELBASE.dll
0x00007fff74a60000 - 0x00007fff74b03000 	C:\WINDOWS\System32\ADVAPI32.dll
0x00007fff77080000 - 0x00007fff7711e000 	C:\WINDOWS\System32\msvcrt.dll
0x00007fff76510000 - 0x00007fff765ae000 	C:\WINDOWS\System32\sechost.dll
0x00007fff76910000 - 0x00007fff76a32000 	C:\WINDOWS\System32\RPCRT4.dll
0x00007fff77120000 - 0x00007fff772b7000 	C:\WINDOWS\System32\USER32.dll
0x00007fff73830000 - 0x00007fff73850000 	C:\WINDOWS\System32\win32u.dll
0x00007fff76f20000 - 0x00007fff76f49000 	C:\WINDOWS\System32\GDI32.dll
0x00007fff73b80000 - 0x00007fff73d19000 	C:\WINDOWS\System32\gdi32full.dll
0x00007fff73d20000 - 0x00007fff73dc0000 	C:\WINDOWS\System32\msvcp_win.dll
0x00007fff73dc0000 - 0x00007fff73eba000 	C:\WINDOWS\System32\ucrtbase.dll
0x00007fff67560000 - 0x00007fff677d9000 	C:\WINDOWS\WinSxS\amd64_microsoft.windows.common-controls_6595b64144ccf1df_6.0.17763.914_none_05b346b2072102f2\COMCTL32.dll
0x00007fff74b10000 - 0x00007fff74e3c000 	C:\WINDOWS\System32\combase.dll
0x00007fff73920000 - 0x00007fff7399e000 	C:\WINDOWS\System32\bcryptPrimitives.dll
0x00007fff76a40000 - 0x00007fff76a6e000 	C:\WINDOWS\System32\IMM32.DLL
0x0000000054d90000 - 0x0000000054e62000 	C:\Program Files\Java\jdk1.8.0_181\jre\bin\msvcr100.dll
0x0000000053b60000 - 0x0000000054402000 	C:\Program Files\Java\jdk1.8.0_181\jre\bin\server\jvm.dll
0x00007fff76610000 - 0x00007fff76618000 	C:\WINDOWS\System32\PSAPI.DLL
0x00007fff71500000 - 0x00007fff71509000 	C:\WINDOWS\SYSTEM32\WSOCK32.dll
0x00007fff74e40000 - 0x00007fff74ead000 	C:\WINDOWS\System32\WS2_32.dll
0x00007fff71810000 - 0x00007fff71834000 	C:\WINDOWS\SYSTEM32\WINMM.dll
0x00007fff6e0e0000 - 0x00007fff6e0ea000 	C:\WINDOWS\SYSTEM32\VERSION.dll
0x00007fff70b90000 - 0x00007fff70bbd000 	C:\WINDOWS\SYSTEM32\WINMMBASE.dll
0x00007fff73850000 - 0x00007fff7389a000 	C:\WINDOWS\System32\cfgmgr32.dll
0x0000000054d80000 - 0x0000000054d8f000 	C:\Program Files\Java\jdk1.8.0_181\jre\bin\verify.dll
0x00000000549f0000 - 0x0000000054a19000 	C:\Program Files\Java\jdk1.8.0_181\jre\bin\java.dll
0x00000000549d0000 - 0x00000000549e6000 	C:\Program Files\Java\jdk1.8.0_181\jre\bin\zip.dll

VM Arguments:
java_command: org.netbeans.modules.web.project.ant.JspCSingle -uriroot C:\Users\USER\Desktop\FlowerOrderingSystem\build\web -d C:\Users\USER\Desktop\FlowerOrderingSystem\build\generated\src -die1 -schemas /resources/schemas/ -dtds /resources/dtds/ -sysClasspath C:\Program Files (x86)\NetBeans 8.2\extide\ant\lib\ant.jar;C:\Users\USER\AppData\Roaming\NetBeans\8.2\modules\ext\servlet3.1-jsp2.3-api.jar;C:\Users\USER\AppData\Roaming\NetBeans\8.2\modules\ext\glassfish-jspparser-4.0.jar;C:\Users\USER\AppData\Roaming\NetBeans\8.2\modules\ext\jstl-impl.jar;C:\Users\USER\AppData\Roaming\NetBeans\8.2\modules\ext\jsf-2_2\javax.faces.jar -jspc.files C:\Users\USER\Desktop\FlowerOrderingSystem\build\web\StaffDashboard.jsp -compilerSourceVM 1.8 -compilerTargetVM 1.8 -javaEncoding UTF-8
java_class_path (initial): C:\Program Files\Java\jdk1.8.0_181\lib\tools.jar;C:\Users\USER\AppData\Roaming\NetBeans\8.2\ant\extra\jspcompile.jar;C:\Program Files (x86)\NetBeans 8.2\extide\ant\lib\ant.jar;C:\Users\USER\AppData\Roaming\NetBeans\8.2\modules\ext\servlet3.1-jsp2.3-api.jar;C:\Users\USER\AppData\Roaming\NetBeans\8.2\modules\ext\glassfish-jspparser-4.0.jar;C:\Users\USER\AppData\Roaming\NetBeans\8.2\modules\ext\jsf-2_2\javax.faces.jar;C:\Users\USER\AppData\Roaming\NetBeans\8.2\modules\ext\jstl-api.jar;C:\Program Files (x86)\NetBeans 8.2\extide\ant\lib\ant-launcher.jar
Launcher Type: SUN_STANDARD

Environment Variables:
PATH=C:\oraclexe\app\oracle\product\11.2.0\server\bin;C:\Program Files (x86)\Common Files\Oracle\Java\javapath;C:\ProgramData\Oracle\Java\javapath;C:\Program Files (x86)\Intel\iCLS Client\;C:\Program Files\Intel\iCLS Client\;C:\Windows\system32;C:\Windows;C:\Windows\System32\Wbem;C:\Windows\System32\WindowsPowerShell\v1.0\;C:\Program Files (x86)\Intel\Intel(R) Management Engine Components\DAL;C:\Program Files\Intel\Intel(R) Management Engine Components\DAL;C:\Program Files (x86)\Intel\Intel(R) Management Engine Components\IPT;C:\Program Files\Intel\Intel(R) Management Engine Components\IPT;C:\Program Files (x86)\NVIDIA Corporation\PhysX\Common;C:\WINDOWS\system32;C:\WINDOWS;C:\WINDOWS\System32\Wbem;C:\WINDOWS\System32\WindowsPowerShell\v1.0\;C:\WINDOWS\System32\OpenSSH\;C:\Program Files\Microsoft VS Code\bin;C:\Users\USER\AppData\Local\Programs\Python\Python37;C:\Users\USER\AppData\Local\Programs\Python\Python37\Scripts;C:\Program Files\dotnet\;C:\Program Files\Microsoft SQL Server\130\Tools\Binn\;C:\Program Files\Microsoft SQL Server\Client SDK\ODBC\170\Tools\Binn\;C:\Program Files\Git\cmd;C:\Program Files\NVIDIA Corporation\NVIDIA NvDLISR;C:\Program Files\IBM\SPSS\Statistics\25\JRE\bin;C:\Users\USER\AppData\Local\Microsoft\WindowsApps;C:\Users\USER\AppData\Local\GitHubDesktop\bin
USERNAME=USER
OS=Windows_NT
PROCESSOR_IDENTIFIER=Intel64 Family 6 Model 158 Stepping 9, GenuineIntel



---------------  S Y S T E M  ---------------

OS: Windows 10.0 , 64 bit Build 17763 (10.0.17763.475)

CPU:total 4 (initial active 4) (4 cores per cpu, 1 threads per core) family 6 model 158 stepping 9, cmov, cx8, fxsr, mmx, sse, sse2, sse3, ssse3, sse4.1, sse4.2, popcnt, avx, avx2, aes, clmul, erms, 3dnowpref, lzcnt, tsc, tscinvbit, bmi1, bmi2, adx

Memory: 4k page, physical 8294544k(1157068k free), swap 11149456k(5156k free)

vm_info: Java HotSpot(TM) 64-Bit Server VM (25.181-b13) for windows-amd64 JRE (1.8.0_181-b13), built on Jul  7 2018 04:01:33 by "java_re" with MS VC++ 10.0 (VS2010)

time: Sun Jan 05 20:50:36 2020
elapsed time: 0 seconds (0d 0h 0m 0s)

